mode: set
github.com/ayub94/wallet/pkg/wallet/service.go:23.78,24.37 1 1
github.com/ayub94/wallet/pkg/wallet/service.go:29.2,36.21 4 1
github.com/ayub94/wallet/pkg/wallet/service.go:24.37,25.28 1 0
github.com/ayub94/wallet/pkg/wallet/service.go:25.28,27.4 1 0
github.com/ayub94/wallet/pkg/wallet/service.go:39.71,40.17 1 1
github.com/ayub94/wallet/pkg/wallet/service.go:43.2,45.34 2 1
github.com/ayub94/wallet/pkg/wallet/service.go:51.2,51.19 1 1
github.com/ayub94/wallet/pkg/wallet/service.go:55.2,56.12 2 1
github.com/ayub94/wallet/pkg/wallet/service.go:40.17,42.3 1 0
github.com/ayub94/wallet/pkg/wallet/service.go:45.34,46.27 1 1
github.com/ayub94/wallet/pkg/wallet/service.go:46.27,48.9 2 1
github.com/ayub94/wallet/pkg/wallet/service.go:51.19,53.3 1 0
github.com/ayub94/wallet/pkg/wallet/service.go:59.111,60.17 1 1
github.com/ayub94/wallet/pkg/wallet/service.go:63.2,65.34 2 1
github.com/ayub94/wallet/pkg/wallet/service.go:71.2,71.20 1 1
github.com/ayub94/wallet/pkg/wallet/service.go:74.2,74.26 1 1
github.com/ayub94/wallet/pkg/wallet/service.go:77.2,87.21 5 1
github.com/ayub94/wallet/pkg/wallet/service.go:60.17,62.3 1 0
github.com/ayub94/wallet/pkg/wallet/service.go:65.34,66.25 1 1
github.com/ayub94/wallet/pkg/wallet/service.go:66.25,68.9 2 1
github.com/ayub94/wallet/pkg/wallet/service.go:71.20,73.3 1 0
github.com/ayub94/wallet/pkg/wallet/service.go:74.26,76.3 1 0
github.com/ayub94/wallet/pkg/wallet/service.go:90.49,95.34 3 1
github.com/ayub94/wallet/pkg/wallet/service.go:101.2,101.21 1 1
github.com/ayub94/wallet/pkg/wallet/service.go:104.5,104.37 1 1
github.com/ayub94/wallet/pkg/wallet/service.go:110.2,110.21 1 1
github.com/ayub94/wallet/pkg/wallet/service.go:113.2,115.12 3 1
github.com/ayub94/wallet/pkg/wallet/service.go:95.34,96.27 1 1
github.com/ayub94/wallet/pkg/wallet/service.go:96.27,98.9 2 1
github.com/ayub94/wallet/pkg/wallet/service.go:101.21,103.3 1 0
github.com/ayub94/wallet/pkg/wallet/service.go:104.37,105.41 1 1
github.com/ayub94/wallet/pkg/wallet/service.go:105.41,107.9 2 1
github.com/ayub94/wallet/pkg/wallet/service.go:110.21,112.3 1 0
github.com/ayub94/wallet/pkg/wallet/service.go:118.76,119.37 1 1
github.com/ayub94/wallet/pkg/wallet/service.go:124.2,124.32 1 1
github.com/ayub94/wallet/pkg/wallet/service.go:119.37,120.30 1 1
github.com/ayub94/wallet/pkg/wallet/service.go:120.30,122.4 1 1
github.com/ayub94/wallet/pkg/wallet/service.go:127.68,129.16 2 0
github.com/ayub94/wallet/pkg/wallet/service.go:133.2,134.16 2 0
github.com/ayub94/wallet/pkg/wallet/service.go:137.2,137.22 1 0
github.com/ayub94/wallet/pkg/wallet/service.go:129.16,131.3 1 0
github.com/ayub94/wallet/pkg/wallet/service.go:134.16,136.3 1 0
