mode: set
github.com/ayub94/wallet/pkg/wallet/service.go:33.78,34.37 1 1
github.com/ayub94/wallet/pkg/wallet/service.go:39.2,46.21 4 1
github.com/ayub94/wallet/pkg/wallet/service.go:34.37,35.28 1 1
github.com/ayub94/wallet/pkg/wallet/service.go:35.28,37.4 1 0
github.com/ayub94/wallet/pkg/wallet/service.go:49.71,50.17 1 1
github.com/ayub94/wallet/pkg/wallet/service.go:53.2,55.34 2 1
github.com/ayub94/wallet/pkg/wallet/service.go:61.2,61.19 1 1
github.com/ayub94/wallet/pkg/wallet/service.go:65.2,66.12 2 1
github.com/ayub94/wallet/pkg/wallet/service.go:50.17,52.3 1 0
github.com/ayub94/wallet/pkg/wallet/service.go:55.34,56.27 1 1
github.com/ayub94/wallet/pkg/wallet/service.go:56.27,58.9 2 1
github.com/ayub94/wallet/pkg/wallet/service.go:61.19,63.3 1 0
github.com/ayub94/wallet/pkg/wallet/service.go:69.111,70.17 1 1
github.com/ayub94/wallet/pkg/wallet/service.go:73.2,75.34 2 1
github.com/ayub94/wallet/pkg/wallet/service.go:81.2,81.20 1 1
github.com/ayub94/wallet/pkg/wallet/service.go:84.2,84.26 1 1
github.com/ayub94/wallet/pkg/wallet/service.go:87.2,97.21 5 1
github.com/ayub94/wallet/pkg/wallet/service.go:70.17,72.3 1 0
github.com/ayub94/wallet/pkg/wallet/service.go:75.34,76.25 1 1
github.com/ayub94/wallet/pkg/wallet/service.go:76.25,78.9 2 1
github.com/ayub94/wallet/pkg/wallet/service.go:81.20,83.3 1 0
github.com/ayub94/wallet/pkg/wallet/service.go:84.26,86.3 1 0
github.com/ayub94/wallet/pkg/wallet/service.go:101.75,105.32 2 1
github.com/ayub94/wallet/pkg/wallet/service.go:111.2,111.32 1 1
github.com/ayub94/wallet/pkg/wallet/service.go:105.32,106.26 1 1
github.com/ayub94/wallet/pkg/wallet/service.go:106.26,109.4 2 1
github.com/ayub94/wallet/pkg/wallet/service.go:114.49,119.34 3 1
github.com/ayub94/wallet/pkg/wallet/service.go:125.2,125.21 1 1
github.com/ayub94/wallet/pkg/wallet/service.go:128.5,128.37 1 1
github.com/ayub94/wallet/pkg/wallet/service.go:134.2,134.21 1 1
github.com/ayub94/wallet/pkg/wallet/service.go:137.2,139.12 3 1
github.com/ayub94/wallet/pkg/wallet/service.go:119.34,120.27 1 1
github.com/ayub94/wallet/pkg/wallet/service.go:120.27,122.9 2 1
github.com/ayub94/wallet/pkg/wallet/service.go:125.21,127.3 1 0
github.com/ayub94/wallet/pkg/wallet/service.go:128.37,129.41 1 1
github.com/ayub94/wallet/pkg/wallet/service.go:129.41,131.9 2 1
github.com/ayub94/wallet/pkg/wallet/service.go:134.21,136.3 1 0
github.com/ayub94/wallet/pkg/wallet/service.go:142.76,143.37 1 1
github.com/ayub94/wallet/pkg/wallet/service.go:148.2,148.32 1 1
github.com/ayub94/wallet/pkg/wallet/service.go:143.37,144.30 1 1
github.com/ayub94/wallet/pkg/wallet/service.go:144.30,146.4 1 1
github.com/ayub94/wallet/pkg/wallet/service.go:151.68,153.16 2 1
github.com/ayub94/wallet/pkg/wallet/service.go:157.2,158.16 2 1
github.com/ayub94/wallet/pkg/wallet/service.go:161.2,161.22 1 1
github.com/ayub94/wallet/pkg/wallet/service.go:153.16,155.3 1 0
github.com/ayub94/wallet/pkg/wallet/service.go:158.16,160.3 1 0
github.com/ayub94/wallet/pkg/wallet/service.go:164.89,166.16 2 1
github.com/ayub94/wallet/pkg/wallet/service.go:170.2,179.22 4 1
github.com/ayub94/wallet/pkg/wallet/service.go:166.16,168.3 1 0
github.com/ayub94/wallet/pkg/wallet/service.go:181.76,183.34 2 1
github.com/ayub94/wallet/pkg/wallet/service.go:188.2,188.21 1 1
github.com/ayub94/wallet/pkg/wallet/service.go:191.2,192.16 2 1
github.com/ayub94/wallet/pkg/wallet/service.go:195.2,195.21 1 1
github.com/ayub94/wallet/pkg/wallet/service.go:183.34,184.27 1 1
github.com/ayub94/wallet/pkg/wallet/service.go:184.27,186.7 1 1
github.com/ayub94/wallet/pkg/wallet/service.go:188.21,190.3 1 0
github.com/ayub94/wallet/pkg/wallet/service.go:192.16,194.3 1 0
github.com/ayub94/wallet/pkg/wallet/service.go:198.50,200.16 2 1
github.com/ayub94/wallet/pkg/wallet/service.go:204.2,204.14 1 1
github.com/ayub94/wallet/pkg/wallet/service.go:210.2,211.36 2 1
github.com/ayub94/wallet/pkg/wallet/service.go:214.3,215.17 2 1
github.com/ayub94/wallet/pkg/wallet/service.go:218.6,218.16 1 1
github.com/ayub94/wallet/pkg/wallet/service.go:200.16,203.3 2 0
github.com/ayub94/wallet/pkg/wallet/service.go:204.14,206.17 2 1
github.com/ayub94/wallet/pkg/wallet/service.go:206.17,208.4 1 0
github.com/ayub94/wallet/pkg/wallet/service.go:211.36,213.3 1 1
github.com/ayub94/wallet/pkg/wallet/service.go:215.17,217.4 1 0
github.com/ayub94/wallet/pkg/wallet/service.go:220.52,222.16 2 1
github.com/ayub94/wallet/pkg/wallet/service.go:226.1,226.13 1 1
github.com/ayub94/wallet/pkg/wallet/service.go:231.1,233.4 3 1
github.com/ayub94/wallet/pkg/wallet/service.go:245.1,249.34 4 1
github.com/ayub94/wallet/pkg/wallet/service.go:269.1,269.11 1 1
github.com/ayub94/wallet/pkg/wallet/service.go:222.16,225.2 2 0
github.com/ayub94/wallet/pkg/wallet/service.go:226.13,227.38 1 1
github.com/ayub94/wallet/pkg/wallet/service.go:227.38,229.2 1 0
github.com/ayub94/wallet/pkg/wallet/service.go:233.4,235.20 2 1
github.com/ayub94/wallet/pkg/wallet/service.go:239.3,239.15 1 1
github.com/ayub94/wallet/pkg/wallet/service.go:243.1,243.41 1 1
github.com/ayub94/wallet/pkg/wallet/service.go:235.20,236.10 1 1
github.com/ayub94/wallet/pkg/wallet/service.go:239.15,242.4 2 0
github.com/ayub94/wallet/pkg/wallet/service.go:249.34,252.17 3 1
github.com/ayub94/wallet/pkg/wallet/service.go:255.1,257.13 3 1
github.com/ayub94/wallet/pkg/wallet/service.go:260.1,267.19 3 1
github.com/ayub94/wallet/pkg/wallet/service.go:252.17,254.6 1 0
github.com/ayub94/wallet/pkg/wallet/service.go:257.13,259.2 1 0
github.com/ayub94/wallet/pkg/wallet/service.go:272.43,273.25 1 0
github.com/ayub94/wallet/pkg/wallet/service.go:295.2,295.25 1 0
github.com/ayub94/wallet/pkg/wallet/service.go:317.2,317.26 1 0
github.com/ayub94/wallet/pkg/wallet/service.go:339.2,339.12 1 0
github.com/ayub94/wallet/pkg/wallet/service.go:273.25,275.16 2 0
github.com/ayub94/wallet/pkg/wallet/service.go:279.2,279.14 1 0
github.com/ayub94/wallet/pkg/wallet/service.go:285.2,286.36 2 0
github.com/ayub94/wallet/pkg/wallet/service.go:289.3,290.17 2 0
github.com/ayub94/wallet/pkg/wallet/service.go:275.16,278.3 2 0
github.com/ayub94/wallet/pkg/wallet/service.go:279.14,281.17 2 0
github.com/ayub94/wallet/pkg/wallet/service.go:281.17,283.4 1 0
github.com/ayub94/wallet/pkg/wallet/service.go:286.36,288.3 1 0
github.com/ayub94/wallet/pkg/wallet/service.go:290.17,292.4 1 0
github.com/ayub94/wallet/pkg/wallet/service.go:295.25,297.16 2 0
github.com/ayub94/wallet/pkg/wallet/service.go:301.2,301.14 1 0
github.com/ayub94/wallet/pkg/wallet/service.go:307.2,308.36 2 0
github.com/ayub94/wallet/pkg/wallet/service.go:311.4,312.18 2 0
github.com/ayub94/wallet/pkg/wallet/service.go:297.16,300.3 2 0
github.com/ayub94/wallet/pkg/wallet/service.go:301.14,303.17 2 0
github.com/ayub94/wallet/pkg/wallet/service.go:303.17,305.4 1 0
github.com/ayub94/wallet/pkg/wallet/service.go:308.36,310.4 1 0
github.com/ayub94/wallet/pkg/wallet/service.go:312.18,314.5 1 0
github.com/ayub94/wallet/pkg/wallet/service.go:317.26,319.16 2 0
github.com/ayub94/wallet/pkg/wallet/service.go:323.2,323.14 1 0
github.com/ayub94/wallet/pkg/wallet/service.go:329.2,330.38 2 0
github.com/ayub94/wallet/pkg/wallet/service.go:333.3,334.17 2 0
github.com/ayub94/wallet/pkg/wallet/service.go:319.16,322.3 2 0
github.com/ayub94/wallet/pkg/wallet/service.go:323.14,325.17 2 0
github.com/ayub94/wallet/pkg/wallet/service.go:325.17,327.4 1 0
github.com/ayub94/wallet/pkg/wallet/service.go:330.38,332.3 1 0
github.com/ayub94/wallet/pkg/wallet/service.go:334.17,336.4 1 0
github.com/ayub94/wallet/pkg/wallet/service.go:342.42,344.16 2 0
github.com/ayub94/wallet/pkg/wallet/service.go:349.2,349.27 1 0
github.com/ayub94/wallet/pkg/wallet/service.go:397.2,398.16 2 0
github.com/ayub94/wallet/pkg/wallet/service.go:403.2,403.28 1 0
github.com/ayub94/wallet/pkg/wallet/service.go:456.2,457.16 2 0
github.com/ayub94/wallet/pkg/wallet/service.go:463.2,463.27 1 0
github.com/ayub94/wallet/pkg/wallet/service.go:514.2,514.12 1 0
github.com/ayub94/wallet/pkg/wallet/service.go:344.16,348.3 2 0
github.com/ayub94/wallet/pkg/wallet/service.go:349.27,351.14 1 0
github.com/ayub94/wallet/pkg/wallet/service.go:356.2,358.6 3 0
github.com/ayub94/wallet/pkg/wallet/service.go:369.2,374.35 4 0
github.com/ayub94/wallet/pkg/wallet/service.go:351.14,352.48 1 0
github.com/ayub94/wallet/pkg/wallet/service.go:352.48,354.4 1 0
github.com/ayub94/wallet/pkg/wallet/service.go:358.6,360.19 2 0
github.com/ayub94/wallet/pkg/wallet/service.go:363.3,363.17 1 0
github.com/ayub94/wallet/pkg/wallet/service.go:367.3,367.52 1 0
github.com/ayub94/wallet/pkg/wallet/service.go:360.19,361.9 1 0
github.com/ayub94/wallet/pkg/wallet/service.go:363.17,366.4 2 0
github.com/ayub94/wallet/pkg/wallet/service.go:374.35,377.17 3 0
github.com/ayub94/wallet/pkg/wallet/service.go:380.3,382.17 3 0
github.com/ayub94/wallet/pkg/wallet/service.go:385.3,392.21 3 0
github.com/ayub94/wallet/pkg/wallet/service.go:377.17,379.4 1 0
github.com/ayub94/wallet/pkg/wallet/service.go:382.17,384.4 1 0
github.com/ayub94/wallet/pkg/wallet/service.go:398.16,402.3 2 0
github.com/ayub94/wallet/pkg/wallet/service.go:403.28,405.14 1 0
github.com/ayub94/wallet/pkg/wallet/service.go:410.2,412.6 3 0
github.com/ayub94/wallet/pkg/wallet/service.go:423.2,428.35 4 0
github.com/ayub94/wallet/pkg/wallet/service.go:405.14,406.47 1 0
github.com/ayub94/wallet/pkg/wallet/service.go:406.47,408.4 1 0
github.com/ayub94/wallet/pkg/wallet/service.go:412.6,414.19 2 0
github.com/ayub94/wallet/pkg/wallet/service.go:417.3,417.17 1 0
github.com/ayub94/wallet/pkg/wallet/service.go:421.3,421.52 1 0
github.com/ayub94/wallet/pkg/wallet/service.go:414.19,415.9 1 0
github.com/ayub94/wallet/pkg/wallet/service.go:417.17,420.4 2 0
github.com/ayub94/wallet/pkg/wallet/service.go:428.35,431.17 3 0
github.com/ayub94/wallet/pkg/wallet/service.go:434.3,436.17 3 0
github.com/ayub94/wallet/pkg/wallet/service.go:439.3,450.21 5 0
github.com/ayub94/wallet/pkg/wallet/service.go:431.17,433.4 1 0
github.com/ayub94/wallet/pkg/wallet/service.go:436.17,438.4 1 0
github.com/ayub94/wallet/pkg/wallet/service.go:457.16,461.3 2 0
github.com/ayub94/wallet/pkg/wallet/service.go:463.27,465.14 1 0
github.com/ayub94/wallet/pkg/wallet/service.go:470.2,472.6 3 0
github.com/ayub94/wallet/pkg/wallet/service.go:483.2,488.37 4 0
github.com/ayub94/wallet/pkg/wallet/service.go:465.14,466.49 1 0
github.com/ayub94/wallet/pkg/wallet/service.go:466.49,468.4 1 0
github.com/ayub94/wallet/pkg/wallet/service.go:472.6,474.19 2 0
github.com/ayub94/wallet/pkg/wallet/service.go:477.3,477.17 1 0
github.com/ayub94/wallet/pkg/wallet/service.go:481.3,481.51 1 0
github.com/ayub94/wallet/pkg/wallet/service.go:474.19,475.9 1 0
github.com/ayub94/wallet/pkg/wallet/service.go:477.17,480.4 2 0
github.com/ayub94/wallet/pkg/wallet/service.go:488.37,492.17 4 0
github.com/ayub94/wallet/pkg/wallet/service.go:495.3,497.17 3 0
github.com/ayub94/wallet/pkg/wallet/service.go:500.3,511.22 4 0
github.com/ayub94/wallet/pkg/wallet/service.go:492.17,494.4 1 0
github.com/ayub94/wallet/pkg/wallet/service.go:497.17,499.4 1 0
github.com/ayub94/wallet/pkg/wallet/service.go:517.58,525.11 5 0
github.com/ayub94/wallet/pkg/wallet/service.go:534.2,534.11 1 0
github.com/ayub94/wallet/pkg/wallet/service.go:543.2,544.20 2 0
github.com/ayub94/wallet/pkg/wallet/service.go:525.11,527.38 2 0
github.com/ayub94/wallet/pkg/wallet/service.go:531.3,532.20 2 0
github.com/ayub94/wallet/pkg/wallet/service.go:527.38,530.4 2 0
github.com/ayub94/wallet/pkg/wallet/service.go:534.11,536.38 2 0
github.com/ayub94/wallet/pkg/wallet/service.go:540.3,541.20 2 0
github.com/ayub94/wallet/pkg/wallet/service.go:536.38,539.4 2 0
